Performing C SOURCE FILE Test CMAKE_HAVE_LIBC_PTHREAD failed with the following output:
Change Dir: /home/jay/Projects/GoldenPlains/CMakeFiles/CMakeTmp

Run Build Command(s):/usr/bin/make cmTC_0a147/fast && /usr/bin/make -f CMakeFiles/cmTC_0a147.dir/build.make CMakeFiles/cmTC_0a147.dir/build
make[1]: Entering directory '/home/jay/Projects/GoldenPlains/CMakeFiles/CMakeTmp'
Building C object CMakeFiles/cmTC_0a147.dir/src.c.o
/usr/bin/cc   -DCMAKE_HAVE_LIBC_PTHREAD   -o CMakeFiles/cmTC_0a147.dir/src.c.o   -c /home/jay/Projects/GoldenPlains/CMakeFiles/CMakeTmp/src.c
Linking C executable cmTC_0a147
/usr/bin/cmake -E cmake_link_script CMakeFiles/cmTC_0a147.dir/link.txt --verbose=1
/usr/bin/cc  -DCMAKE_HAVE_LIBC_PTHREAD    CMakeFiles/cmTC_0a147.dir/src.c.o  -o cmTC_0a147 
/usr/bin/ld: CMakeFiles/cmTC_0a147.dir/src.c.o: in function `main':
src.c:(.text+0x46): undefined reference to `pthread_create'
/usr/bin/ld: src.c:(.text+0x52): undefined reference to `pthread_detach'
/usr/bin/ld: src.c:(.text+0x63): undefined reference to `pthread_join'
collect2: error: ld returned 1 exit status
make[1]: *** [CMakeFiles/cmTC_0a147.dir/build.make:87: cmTC_0a147] Error 1
make[1]: Leaving directory '/home/jay/Projects/GoldenPlains/CMakeFiles/CMakeTmp'
make: *** [Makefile:121: cmTC_0a147/fast] Error 2


Source file was:
#include <pthread.h>

void* test_func(void* data)
{
  return data;
}

int main(void)
{
  pthread_t thread;
  pthread_create(&thread, NULL, test_func, NULL);
  pthread_detach(thread);
  pthread_join(thread, NULL);
  pthread_atfork(NULL, NULL, NULL);
  pthread_exit(NULL);

  return 0;
}

Determining if the function pthread_create exists in the pthreads failed with the following output:
Change Dir: /home/jay/Projects/GoldenPlains/CMakeFiles/CMakeTmp

Run Build Command(s):/usr/bin/make cmTC_f3be1/fast && /usr/bin/make -f CMakeFiles/cmTC_f3be1.dir/build.make CMakeFiles/cmTC_f3be1.dir/build
make[1]: Entering directory '/home/jay/Projects/GoldenPlains/CMakeFiles/CMakeTmp'
Building C object CMakeFiles/cmTC_f3be1.dir/CheckFunctionExists.c.o
/usr/bin/cc   -DCHECK_FUNCTION_EXISTS=pthread_create   -o CMakeFiles/cmTC_f3be1.dir/CheckFunctionExists.c.o   -c /usr/share/cmake-3.16/Modules/CheckFunctionExists.c
Linking C executable cmTC_f3be1
/usr/bin/cmake -E cmake_link_script CMakeFiles/cmTC_f3be1.dir/link.txt --verbose=1
/usr/bin/cc  -DCHECK_FUNCTION_EXISTS=pthread_create    CMakeFiles/cmTC_f3be1.dir/CheckFunctionExists.c.o  -o cmTC_f3be1  -lpthreads 
/usr/bin/ld: cannot find -lpthreads
collect2: error: ld returned 1 exit status
make[1]: *** [CMakeFiles/cmTC_f3be1.dir/build.make:87: cmTC_f3be1] Error 1
make[1]: Leaving directory '/home/jay/Projects/GoldenPlains/CMakeFiles/CMakeTmp'
make: *** [Makefile:121: cmTC_f3be1/fast] Error 2



Performing C SOURCE FILE Test CMAKE_HAVE_LIBC_PTHREAD failed with the following output:
Change Dir: /home/jay/Projects/GoldenPlains/CMakeFiles/CMakeTmp

Run Build Command(s):/usr/bin/make cmTC_f89aa/fast && make[1]: Entering directory '/home/jay/Projects/GoldenPlains/CMakeFiles/CMakeTmp'
/usr/bin/make -f CMakeFiles/cmTC_f89aa.dir/build.make CMakeFiles/cmTC_f89aa.dir/build
make[2]: Entering directory '/home/jay/Projects/GoldenPlains/CMakeFiles/CMakeTmp'
Building C object CMakeFiles/cmTC_f89aa.dir/src.c.o
/usr/bin/cc   -DCMAKE_HAVE_LIBC_PTHREAD   -o CMakeFiles/cmTC_f89aa.dir/src.c.o   -c /home/jay/Projects/GoldenPlains/CMakeFiles/CMakeTmp/src.c
Linking C executable cmTC_f89aa
/usr/bin/cmake -E cmake_link_script CMakeFiles/cmTC_f89aa.dir/link.txt --verbose=1
/usr/bin/cc  -DCMAKE_HAVE_LIBC_PTHREAD    CMakeFiles/cmTC_f89aa.dir/src.c.o  -o cmTC_f89aa 
/usr/bin/ld: CMakeFiles/cmTC_f89aa.dir/src.c.o: in function `main':
src.c:(.text+0x46): undefined reference to `pthread_create'
/usr/bin/ld: src.c:(.text+0x52): undefined reference to `pthread_detach'
/usr/bin/ld: src.c:(.text+0x63): undefined reference to `pthread_join'
collect2: error: ld returned 1 exit status
make[2]: *** [CMakeFiles/cmTC_f89aa.dir/build.make:87: cmTC_f89aa] Error 1
make[2]: Leaving directory '/home/jay/Projects/GoldenPlains/CMakeFiles/CMakeTmp'
make[1]: *** [Makefile:121: cmTC_f89aa/fast] Error 2
make[1]: Leaving directory '/home/jay/Projects/GoldenPlains/CMakeFiles/CMakeTmp'


Source file was:
#include <pthread.h>

void* test_func(void* data)
{
  return data;
}

int main(void)
{
  pthread_t thread;
  pthread_create(&thread, NULL, test_func, NULL);
  pthread_detach(thread);
  pthread_join(thread, NULL);
  pthread_atfork(NULL, NULL, NULL);
  pthread_exit(NULL);

  return 0;
}

Determining if the function pthread_create exists in the pthreads failed with the following output:
Change Dir: /home/jay/Projects/GoldenPlains/CMakeFiles/CMakeTmp

Run Build Command(s):/usr/bin/make cmTC_64764/fast && make[1]: Entering directory '/home/jay/Projects/GoldenPlains/CMakeFiles/CMakeTmp'
/usr/bin/make -f CMakeFiles/cmTC_64764.dir/build.make CMakeFiles/cmTC_64764.dir/build
make[2]: Entering directory '/home/jay/Projects/GoldenPlains/CMakeFiles/CMakeTmp'
Building C object CMakeFiles/cmTC_64764.dir/CheckFunctionExists.c.o
/usr/bin/cc   -DCHECK_FUNCTION_EXISTS=pthread_create   -o CMakeFiles/cmTC_64764.dir/CheckFunctionExists.c.o   -c /usr/share/cmake-3.16/Modules/CheckFunctionExists.c
Linking C executable cmTC_64764
/usr/bin/cmake -E cmake_link_script CMakeFiles/cmTC_64764.dir/link.txt --verbose=1
/usr/bin/cc  -DCHECK_FUNCTION_EXISTS=pthread_create    CMakeFiles/cmTC_64764.dir/CheckFunctionExists.c.o  -o cmTC_64764  -lpthreads 
/usr/bin/ld: cannot find -lpthreads
collect2: error: ld returned 1 exit status
make[2]: *** [CMakeFiles/cmTC_64764.dir/build.make:87: cmTC_64764] Error 1
make[2]: Leaving directory '/home/jay/Projects/GoldenPlains/CMakeFiles/CMakeTmp'
make[1]: *** [Makefile:121: cmTC_64764/fast] Error 2
make[1]: Leaving directory '/home/jay/Projects/GoldenPlains/CMakeFiles/CMakeTmp'



